2024-10-09 - 10:23:03
10:23:03 - Workflow Step 'Update workflow' started.
Using DaVinci Configurator  5.24.40 SP2 (x86_64).
10:23:03 - Workflow Step 'Validate workflow environment' started.
10:23:03 - Workflow Step 'Validate dpa file' started.
10:23:03 - Workflow Step 'Validate dpa file' finished.
10:23:03 - Workflow Step 'SLP conformance check' started.
10:23:03 - Workflow Step 'SLP conformance check' finished.
10:23:03 - Workflow Step 'Validate workflow environment' finished.
10:23:03 - Workflow Step 'Input File Pre-Processing' started.
10:23:03 - Workflow Step 'Converting legacy file(s) to AUTOSAR files' started.
Legacy Converter finished successfully.
Convert legacy file(s) to System Description
Used executable: C:\Vector\CBD2100764_D00\Misc\LegacyDb2SystemDescrConverter\Application\LegacyDb2SystemDescrConverter.exe
Arguments: D:\TC377_Development\dev\TC37X_VCU\DBC\VCU_CAN00.dbc -o "C:\Users\Colin Pan\AppData\Local\Temp\DaVinci\Cfg-8549455\LegacyConverterResults\1728440584002-0\ConvertedLegacy" -r 00048 -e -v 19
Vector Legacy Database Converter
Version: 1.8.62.0
Copyright (c) 2018 Vector Informatik GmbH.
SIP License found as C:\Vector\CBD2100764_D00\DaVinciConfigurator\ComponentLicense_DaVinciConfigurator.lic
Command line: C:\Vector\CBD2100764_D00\Misc\LegacyDb2SystemDescrConverter\Application\LegacyDb2SystemDescrConverter.exe D:\TC377_Development\dev\TC37X_VCU\DBC\VCU_CAN00.dbc -o "C:\Users\Colin Pan\AppData\Local\Temp\DaVinci\Cfg-8549455\LegacyConverterResults\1728440584002-0\ConvertedLegacy" -r 00048 -e -v 19
Converting DBC file D:\TC377_Development\dev\TC37X_VCU\DBC\VCU_CAN00.dbc
Writing System Description...
Writing 3 ECU Extracts...
C:\Users\Colin Pan\AppData\Local\Temp\DaVinci\Cfg-8549455\LegacyConverterResults\1728440584002-0\ConvertedLegacy.arxml
C:\Users\Colin Pan\AppData\Local\Temp\DaVinci\Cfg-8549455\LegacyConverterResults\1728440584002-0\ConvertedLegacy_GWM.arxml
C:\Users\Colin Pan\AppData\Local\Temp\DaVinci\Cfg-8549455\LegacyConverterResults\1728440584002-0\ConvertedLegacy_OtherECU.arxml
C:\Users\Colin Pan\AppData\Local\Temp\DaVinci\Cfg-8549455\LegacyConverterResults\1728440584002-0\ConvertedLegacy_VCU.arxml
Elapsed time: 0.578 seconds
0 Errors
0 Warnings
10:23:04 - Workflow Step 'Converting legacy file(s) to AUTOSAR files' finished.
10:23:04 - Workflow Step 'Load arxml file after preprocessing' started.
Load arxml file from path: C:\Users\Colin Pan\AppData\Local\Temp\DaVinci\Cfg-8549455\LegacyConverterResults\1728440584002-0\ConvertedLegacy_VCU.arxml
10:23:04 - Workflow Step 'Load arxml file after preprocessing' finished.
10:23:04 - Workflow Step 'Evaluate system extract paths' started.
10:23:04 - Workflow Step 'Evaluate system extract paths' finished.
Checking if the file preprocessing result is a valid ECU extract...
Input File Pre-Processing finished sucessfully.
10:23:05 - Workflow Step 'Input File Pre-Processing' finished.
10:23:05 - Workflow Step 'Create copy of the Project' started.
Copy project 'D:\TC377_Development\dev\TC37X_VCU' to 'C:\Users\Colin Pan\AppData\Local\Temp\DaVinci\Cfg-8549455\Workflow\1728440585570-0'...
Adjusting DPA file of copied project...
10:23:05 - Workflow Step 'Create copy of the Project' finished.
10:23:05 - Workflow Step 'Analyse Bswmd's of the current project' started.
10:23:05 - Workflow Step 'Analyse Bswmd's of the current project' finished.
10:23:05 - Workflow Step 'Close Project' started.
10:23:05 - Workflow Step 'Close Project' finished.
10:23:09 - Workflow Step 'Prepare DaVinci Developer update data' started.
10:23:09 - Workflow Step 'Prepare DaVinci Developer update data' finished.
10:23:09 - Workflow Step 'Prepare System Extract' started.
10:23:09 - Workflow Step 'Preprocessing System Extract' started.
10:23:09 - Workflow Step 'Preprocessing System Extract' finished.
10:23:09 - Workflow Step 'Create OEM Communication Extract' started.
10:23:10 - Workflow Step 'Create OEM Communication Extract' finished.
10:23:10 - Workflow Step 'Prepare System Extract' finished.
10:23:10 - Workflow Step 'Updating the project' started.
10:23:12 - Workflow Step 'Create ECU configuration' started.
10:23:16 - Workflow Step 'Create ECU configuration' finished.
10:23:16 - Workflow Step 'Update ECU configuration' started.
No Package path available for module configuration: com.vector.cfg.workflow.ecucupdater.model.internal.ModuleKey@fc924516. Default /ActiveEcuC is used instead.
10:23:23 - Workflow Step 'Update ECU configuration' finished.
10:23:23 - Workflow Step 'Updating the project' finished.
10:23:23 - Workflow Step 'Generate update report' started.
10:23:32 - Workflow Step 'Generate update report' finished.
10:23:32 - Workflow Step 'Execute Solving Actions' started.
Executing Auto-Solving-Actions...
Auto-Solving-Actions done.
Executing update specific Preferred-Solving-Actions...
Update specific Preferred-Solving-Actions done.
10:23:36 - Workflow Step 'Execute Solving Actions' finished.
10:23:36 - Workflow Step 'Update DaVinci Developer Workspace' started.
Opening workspace 'C:\Users\Colin Pan\AppData\Local\Temp\DaVinci\Cfg-8549455\Workflow\1728440585570-0\Config\Developer\TC37X_VCU.dcf'...
Loading file PlatformTypes_AR4.arxml (C:\Users\Colin Pan\AppData\Local\Temp\DaVinci\Cfg-8549455\Workflow\1728440585570-0\Config\AUTOSAR\PlatformTypes_AR4.arxml)
Loading file BswM_swc.arxml (C:\Users\Colin Pan\AppData\Local\Temp\DaVinci\Cfg-8549455\Workflow\1728440585570-0\Config\ServiceComponents\BswM_swc.arxml)
Loading file ComM_swc.arxml (C:\Users\Colin Pan\AppData\Local\Temp\DaVinci\Cfg-8549455\Workflow\1728440585570-0\Config\ServiceComponents\ComM_swc.arxml)
Loading file Det_swc.arxml (C:\Users\Colin Pan\AppData\Local\Temp\DaVinci\Cfg-8549455\Workflow\1728440585570-0\Config\ServiceComponents\Det_swc.arxml)
Loading file EcuM_swc.arxml (C:\Users\Colin Pan\AppData\Local\Temp\DaVinci\Cfg-8549455\Workflow\1728440585570-0\Config\ServiceComponents\EcuM_swc.arxml)
Loading file NvM_swc.arxml (C:\Users\Colin Pan\AppData\Local\Temp\DaVinci\Cfg-8549455\Workflow\1728440585570-0\Config\ServiceComponents\NvM_swc.arxml)
Loading file Os_swc.arxml (C:\Users\Colin Pan\AppData\Local\Temp\DaVinci\Cfg-8549455\Workflow\1728440585570-0\Config\ServiceComponents\Os_swc.arxml)
Loading file Communication.arxml (C:\Users\Colin Pan\AppData\Local\Temp\DaVinci\Cfg-8549455\Workflow\1728440585570-0\Update\DevData\Communication.arxml)
Loading file Com_SWC.arxml (C:\Users\Colin Pan\AppData\Local\Temp\DaVinci\Cfg-8549455\Workflow\1728440585570-0\Config\Developer\Com_SWC.arxml)
Loading file DataTypes.arxml (C:\Users\Colin Pan\AppData\Local\Temp\DaVinci\Cfg-8549455\Workflow\1728440585570-0\Config\Developer\DataTypes.arxml)
Loading file NvM_SWC.arxml (C:\Users\Colin Pan\AppData\Local\Temp\DaVinci\Cfg-8549455\Workflow\1728440585570-0\Config\Developer\NvM_SWC.arxml)
Loading file Packages.arxml (C:\Users\Colin Pan\AppData\Local\Temp\DaVinci\Cfg-8549455\Workflow\1728440585570-0\Config\Developer\Packages.arxml)
Loading file PortInterfaces.arxml (C:\Users\Colin Pan\AppData\Local\Temp\DaVinci\Cfg-8549455\Workflow\1728440585570-0\Config\Developer\PortInterfaces.arxml)
Loading file PowerMng_SWC.arxml (C:\Users\Colin Pan\AppData\Local\Temp\DaVinci\Cfg-8549455\Workflow\1728440585570-0\Config\Developer\PowerMng_SWC.arxml)
Loading file SWC1.arxml (C:\Users\Colin Pan\AppData\Local\Temp\DaVinci\Cfg-8549455\Workflow\1728440585570-0\Config\Developer\SWC1.arxml)
Loading file TC37X_VCU.arxml (C:\Users\Colin Pan\AppData\Local\Temp\DaVinci\Cfg-8549455\Workflow\1728440585570-0\Config\Developer\TC37X_VCU.arxml)
Opened workspace 'C:\Users\Colin Pan\AppData\Local\Temp\DaVinci\Cfg-8549455\Workflow\1728440585570-0\Config\Developer\TC37X_VCU.dcf' successfully.
Start import
Importing file (C:\Users\Colin Pan\AppData\Local\Temp\DaVinci\Cfg-8549455\Workflow\1728440585570-0\Config\System\SystemExtract.arxml).
Merging imported data
Finished import
Saving workspace 'C:\Users\Colin Pan\AppData\Local\Temp\DaVinci\Cfg-8549455\Workflow\1728440585570-0\Config\Developer\TC37X_VCU.dcf'...
Saving file DataTypes.arxml (C:\Users\Colin Pan\AppData\Local\Temp\DaVinci\Cfg-8549455\Workflow\1728440585570-0\Config\Developer\DataTypes.arxml)
Saved workspace 'C:\Users\Colin Pan\AppData\Local\Temp\DaVinci\Cfg-8549455\Workflow\1728440585570-0\Config\Developer\TC37X_VCU.dcf' successfully.
Closing workspace 'C:\Users\Colin Pan\AppData\Local\Temp\DaVinci\Cfg-8549455\Workflow\1728440585570-0\Config\Developer\TC37X_VCU.dcf'...
Closed workspace 'C:\Users\Colin Pan\AppData\Local\Temp\DaVinci\Cfg-8549455\Workflow\1728440585570-0\Config\Developer\TC37X_VCU.dcf' successfully.
Result of DaVinci Developer workspace update.
              OK
10:23:43 - Workflow Step 'Update DaVinci Developer Workspace' finished.
10:23:43 - Workflow Step 'Update RTE configuration' started.
10:23:44 - Workflow Step 'Update RTE configuration' finished.
10:23:44 - Workflow Step 'Align differences after successful update' started.
10:23:44 - Workflow Step 'Align differences after successful update' finished.
10:23:44 - Workflow Step 'Clean up update data' started.
10:23:44 - Workflow Step 'Clean up update data' finished.
Update workflow finished sucessfully.
10:23:49 - Workflow Step 'Update workflow' finished.
